
Nov 09, 2017 11:13:41.81 NEW SESSION
Nov 09, 2017 11:13:41.81 [TmFFExt2] observe.profile-after-change
Nov 09, 2017 11:13:41.82 [TmFFExt2] observe.http-on-modify-request: TmFFExt2 is initialized
Nov 09, 2017 11:13:42.00 [TmFFExt2] observe.toplevel-window-ready: readConfig
Nov 09, 2017 11:40:28.66 [TmFFExt2] observe.toplevel-window-ready: readConfig
Nov 09, 2017 11:40:30.47 console.error: 
Nov 09, 2017 11:40:30.48 TypeError
Nov 09, 2017 11:40:30.48   - prototype TypeError
Nov 09, 2017 11:40:30.49     - columnNumber = 4
Nov 09, 2017 11:40:30.49     - fileName = resource://gre/modules/devtools/TiltVisualizer.jsm
Nov 09, 2017 11:40:30.50     - lineNumber = 780
Nov 09, 2017 11:40:30.51   - prototype Error
Nov 09, 2017 11:40:30.52   - prototype Object
Nov 09, 2017 11:40:57.53 TypeError: this._traverseData is null: TVP_highlightNode@resource://gre/modules/devtools/TiltVisualizer.jsm:780
Nov 09, 2017 11:40:57.53 TV_onNewNodeFromInspector@resource://gre/modules/devtools/TiltVisualizer.jsm:250
Nov 09, 2017 11:40:57.54 EventEmitter_emit@resource:///modules/devtools/EventEmitter.jsm:100
Nov 09, 2017 11:40:57.54 SN_setNode@resource://gre/modules/devtools/Selection.jsm:133
Nov 09, 2017 11:40:57.54 onDOMReady@resource://gre/modules/devtools/InspectorPanel.jsm:209
Nov 09, 2017 11:40:57.55 
Nov 09, 2017 11:41:52.65 [TmFFExt2] observe.quit-application
Nov 09, 2017 11:41:57.62 [TmFFExt2] observe.profile-after-change
Nov 09, 2017 11:41:57.65 [TmFFExt2] observe.http-on-modify-request: TmFFExt2 is initialized
Nov 09, 2017 11:41:57.72 [TmFFExt2] observe.toplevel-window-ready: readConfig
Nov 09, 2017 19:21:26.27 [TmFFExt2] observe.quit-application
Nov 09, 2017 19:21:26.31 TypeError: this._toolboxes is undefined: @resource:///modules/devtools/gDevTools.jsm:192
Nov 09, 2017 19:21:26.31 @resource:///modules/devtools/EventEmitter.jsm:56
Nov 09, 2017 19:21:26.32 EventEmitter_emit@resource:///modules/devtools/EventEmitter.jsm:100
Nov 09, 2017 19:21:26.32 @resource://gre/modules/devtools/Toolbox.jsm:668
Nov 09, 2017 19:21:26.33 effort@resource://gre/modules/commonjs/promise/core.js:53
Nov 09, 2017 19:21:26.33 resolveDeferred@resource://gre/modules/commonjs/promise/core.js:125
Nov 09, 2017 19:21:26.34 then@resource://gre/modules/commonjs/promise/core.js:34
Nov 09, 2017 19:21:26.37 resolve@resource://gre/modules/commonjs/promise/core.js:167
Nov 09, 2017 19:21:26.37 resolveDeferred@resource://gre/modules/commonjs/promise/core.js:125
Nov 09, 2017 19:21:26.38 effort@resource://gre/modules/commonjs/promise/core.js:53
Nov 09, 2017 19:21:26.38 resolveDeferred@resource://gre/modules/commonjs/promise/core.js:125
Nov 09, 2017 19:21:26.39 then@resource://gre/modules/commonjs/promise/core.js:34
Nov 09, 2017 19:21:26.39 then@resource://gre/modules/commonjs/promise/core.js:138
Nov 09, 2017 19:21:26.40 resolve@resource://gre/modules/commonjs/promise/core.js:167
Nov 09, 2017 19:21:26.40 resolveDeferred@resource://gre/modules/commonjs/promise/core.js:125
Nov 09, 2017 19:21:26.42 effort@resource://gre/modules/commonjs/promise/core.js:53
Nov 09, 2017 19:21:26.43 resolveDeferred@resource://gre/modules/commonjs/promise/core.js:125
Nov 09, 2017 19:21:26.44 then@resource://gre/modules/commonjs/promise/core.js:34
Nov 09, 2017 19:21:26.45 resolve@resource://gre/modules/commonjs/promise/core.js:167
Nov 09, 2017 19:21:26.48 resolveDeferred@resource://gre/modules/commonjs/promise/core.js:125
Nov 09, 2017 19:21:26.50 effort@resource://gre/modules/commonjs/promise/core.js:53
Nov 09, 2017 19:21:26.53 resolveDeferred@resource://gre/modules/commonjs/promise/core.js:125
Nov 09, 2017 19:21:26.53 then@resource://gre/modules/commonjs/promise/core.js:34
Nov 09, 2017 19:21:26.54 resolve@resource://gre/modules/commonjs/promise/core.js:167
Nov 09, 2017 19:21:26.55 _onWebConsoleClose@resource://gre/modules/WebConsolePanel.jsm:84
Nov 09, 2017 19:21:26.55 @resource://gre/modules/HUDService.jsm:142
Nov 09, 2017 19:21:26.55 WC_onDestroyUI@resource://gre/modules/HUDService.jsm:581
Nov 09, 2017 19:21:26.56 @chrome://browser/content/devtools/webconsole.js:4451
Nov 09, 2017 19:21:26.57 @resource://gre/modules/devtools/dbg-client.jsm:247
Nov 09, 2017 19:21:26.58 @resource://gre/modules/devtools/dbg-client.jsm:88
Nov 09, 2017 19:21:26.59 EV_notify@resource://gre/modules/devtools/dbg-client.jsm:145
Nov 09, 2017 19:21:26.59 DC_onClosed@resource://gre/modules/devtools/dbg-client.jsm:512
Nov 09, 2017 19:21:26.61 LDT_close@chrome://global/content/devtools/dbg-transport.js:231
Nov 09, 2017 19:21:26.61 LDT_close@chrome://global/content/devtools/dbg-transport.js:229
Nov 09, 2017 19:21:26.62 LDT_close@chrome://global/content/devtools/dbg-transport.js:229
Nov 09, 2017 19:21:26.62 _closeTransport@resource://gre/modules/devtools/dbg-client.jsm:252
Nov 09, 2017 19:21:26.63 @resource://gre/modules/devtools/dbg-client.jsm:549
Nov 09, 2017 19:21:26.63 DC_onPacket@resource://gre/modules/devtools/dbg-client.jsm:494
Nov 09, 2017 19:21:26.63 @chrome://global/content/devtools/dbg-transport.js:212
Nov 09, 2017 19:21:26.64 
